09:56:24 - Starting to list files...
09:56:24 - Found: 15258.jpg
09:56:24 - Found: 584034.jpg
09:56:24 - Found: 190571.jpg
09:56:24 - Found: 63729.jpg
09:56:24 - Found: 155935.jpg
09:56:24 - Found: 364508.jpg
09:56:24 - Found: 25642.jpg
09:56:24 - Found: 114588.jpg
09:56:24 - Found: 471532.jpg
09:56:24 - Found: 218770.jpg
09:56:24 - Found: 20564.jpg
09:56:24 - Found: 111307.jpg
09:56:24 - Found: 351781.jpg
09:56:24 - Found: 328777.jpg
09:56:24 - Found: 374898.jpg
09:56:24 - Found: 173712.jpg
09:56:24 - Found: 224531.jpg
09:56:24 - Found: 216077.jpg
09:56:24 - Found: 315464.jpg
09:56:24 - Found: 148133.jpg
09:56:24 - Found: 235935.jpg
09:56:24 - Found: 374899.jpg
09:56:24 - Found: 462891.jpg
09:56:24 - Found: 156001.jpg
09:56:24 - Found: 420817.jpg
09:56:24 - Found: 585704.jpg
09:56:24 - Found: 598688.jpg
09:56:24 - Found: 461796.jpg
09:56:24 - Found: 693050.jpg
09:56:24 - Found: 413423.jpg
09:56:24 - Found: 155928.jpg
09:56:24 - Found: 395447.jpg
09:56:24 - Found: 505561.jpg
09:56:24 - Found: 149600.jpg
09:56:24 - Found: 293076.jpg
09:56:24 - Found: 405161.jpg
09:56:24 - Found: 155955.jpg
09:56:24 - Found: 131490.jpg
09:56:24 - Found: 234652.jpg
09:56:24 - Found: 229147.jpg
09:56:24 - Found: 97958.jpg
09:56:24 - Found: 624425.jpg
09:56:24 - Found: 216638.jpg
09:56:24 - Found: 18171.jpg
09:56:24 - Found: 114591.jpg
09:56:24 - Found: 498127.jpg
09:56:24 - Found: 308178.jpg
09:56:24 - Found: 582668.jpg
09:56:24 - Found: 19600.jpg
09:56:24 - Found: 114732.jpg
09:56:24 - Found: 441620.jpg
09:56:24 - Found: 190564.jpg
09:56:24 - Found: 188224.jpg
09:56:24 - Found: 140029.jpg
09:56:24 - Found: 440365.jpg
09:56:24 - Found: 155956.jpg
09:56:24 - Found: 120140.jpg
09:56:24 - Found: 51433.jpg
09:56:24 - Found: 218744.jpg
09:56:24 - Found: 111319.jpg
09:56:24 - Found: 218753.jpg
09:56:24 - Found: 589817.jpg
09:56:24 - Found: 350433.jpg
09:56:24 - Found: 235575.jpg
09:56:24 - Found: 374894.jpg
09:56:24 - Found: 354100.jpg
09:56:24 - Found: 34220.jpg
09:56:24 - Found: 296051.jpg
09:56:24 - Found: 63831.jpg
09:56:24 - Found: 301762.jpg
09:56:24 - Found: 191581.jpg
09:56:24 - Found: 111320.jpg
09:56:24 - Found: 155958.jpg
09:56:24 - Found: 135591.jpg
09:56:24 - Found: 470681.jpg
09:56:24 - Found: 391836.jpg
09:56:24 - Found: 120147.jpg
09:56:24 - Found: 690385.jpg
09:56:24 - Found: 218787.jpg
09:56:24 - Found: 188585.jpg
09:56:24 - Found: 125194.jpg
09:56:24 - Found: 358032.jpg
09:56:24 - Found: 188227.jpg
09:56:24 - Found: 249059.jpg
09:56:24 - Found: 114740.jpg
09:56:24 - Found: 313013.jpg
09:56:24 - Found: 335374.jpg
09:56:24 - Found: 226059.jpg
09:56:24 - Found: 349599.jpg
09:56:24 - Found: 483948.jpg
09:56:24 - Found: 306848.jpg
09:56:24 - Found: 274356.jpg
09:56:24 - Found: 677895.jpg
09:56:24 - Found: 571184.jpg
09:56:24 - Found: 356443.jpg
09:56:24 - Found: 27098.jpg
09:56:24 - Found: 125475.jpg
09:56:24 - Found: 630602.jpg
09:56:24 - Found: 155942.jpg
09:56:24 - Found: 27101.jpg
09:56:24 - Found: 288257.jpg
09:56:24 - Found: 201293.jpg
09:56:24 - Found: 235578.jpg
09:56:24 - Found: 374891.jpg
09:56:24 - Found: 188583.jpg
09:56:24 - Found: 306833.jpg
09:56:24 - Found: 135594.jpg
09:56:24 - Found: 119934.jpg
09:56:24 - Found: 199166.jpg
09:56:24 - Found: 114572.jpg
09:56:24 - Found: 187823.jpg
09:56:24 - Found: 374895.jpg
09:56:24 - Found: 45485.jpg
09:56:24 - Found: 120136.jpg
09:56:24 - Found: 187822.jpg
09:56:24 - Found: 271996.jpg
09:56:24 - Found: 187821.jpg
09:56:24 - Found: 218759.jpg
09:56:24 - Found: 127227.jpg
09:56:24 - Found: 313014.jpg
09:56:24 - Found: 155953.jpg
09:56:24 - Found: 15257.jpg
09:56:24 - Found: 191567.jpg
09:56:24 - Found: 125602.jpg
09:56:24 - Found: 166497.jpg
09:56:24 - Found: 205921.jpg
09:56:24 - Found: 175000.jpg
09:56:24 - Found: 148134.jpg
09:56:24 - Found: 513062.jpg
09:56:24 - Found: 346467.jpg
09:56:24 - Found: 111318.jpg
09:56:24 - Found: 391835.jpg
09:56:24 - Found: 406079.jpg
09:56:24 - Found: 404214.jpg
09:56:24 - Found: 374888.jpg
09:56:24 - Found: 359304.jpg
09:56:24 - Found: 19602.jpg
09:56:24 - Found: 472963.jpg
09:56:24 - Found: 36755.jpg
09:56:24 - Found: 402605.jpg
09:56:24 - Found: 374468.jpg
09:56:24 - Found: 135584.jpg
09:56:24 - Found: 114742.jpg
09:56:24 - Found: 595053.jpg
09:56:24 - Found: 277766.jpg
09:56:24 - Found: 19576.jpg
09:56:24 - Found: 429617.jpg
09:56:24 - Found: 237936.jpg
09:56:24 - Found: 418239.jpg
09:56:24 - Found: 69148.jpg
09:56:24 - Found: 317220.jpg
09:56:24 - Found: 217073.jpg
09:56:24 - Found: 198122.jpg
09:56:24 - Found: 114770.jpg
09:56:24 - Found: 114573.jpg
09:56:24 - Found: 68688.jpg
09:56:24 - Found: 491582.jpg
09:56:24 - Found: 400639.jpg
09:56:24 - Found: 114771.jpg
09:56:24 - Found: 317211.jpg
09:56:24 - Found: 292794.jpg
09:56:24 - Found: 188586.jpg
09:56:24 - Found: 135583.jpg
09:56:24 - Found: 27057.jpg
09:56:24 - Found: 138527.jpg
09:56:24 - Found: 68600.jpg
09:56:24 - Found: 340612.jpg
09:56:24 - Found: 141207.jpg
09:56:24 - Found: 319912.jpg
09:56:24 - Found: 686219.jpg
09:56:24 - Found: 697536.jpg
09:56:24 - Found: 430014.jpg
09:56:24 - Found: 188234.jpg
09:56:24 - Found: 590754.jpg
09:56:24 - Found: 114762.jpg
09:56:24 - Found: 379395.jpg
09:56:24 - Found: 190569.jpg
09:56:24 - Found: 114635.jpg
09:56:24 - Found: 271994.jpg
09:56:24 - Found: 119552.jpg
09:56:24 - Found: 132453.jpg
09:56:24 - Found: 414085.jpg
09:56:24 - Found: 135588.jpg
09:56:24 - Found: 510771.jpg
09:56:24 - Found: 138526.jpg
09:56:24 - Found: 104526.jpg
09:56:24 - Found: 134745.jpg
09:56:24 - Found: 305233.jpg
09:56:24 - Found: 188236.jpg
09:56:24 - Found: 213000.jpg
09:56:24 - Found: 413399.jpg
09:56:24 - Found: 560633.jpg
09:56:24 - Found: 112801.jpg
09:56:24 - Found: 11968.jpg
09:56:24 - Found: 188222.jpg
09:56:24 - Found: 114577.jpg
09:56:24 - Found: 19601.jpg
09:56:24 - Found: 155934.jpg
09:56:24 - Found: 125478.jpg
09:56:24 - Found: 317208.jpg
09:56:24 - Found: 156314.jpg
09:56:24 - Found: 289027.jpg
09:56:24 - Found: 155972.jpg
09:56:24 - Found: 311794.jpg
09:56:24 - Found: 317215.jpg
09:56:24 - Found: 188315.jpg
09:56:24 - Found: 588789.jpg
09:56:24 - Found: 332644.jpg
09:56:24 - Found: 697532.jpg
09:56:24 - Found: 300982.jpg
09:56:24 - Found: 190573.jpg
09:56:24 - Found: 374723.jpg
09:56:24 - Found: 401551.jpg
09:56:24 - Found: 426383.jpg
09:56:24 - Found: 494654.jpg
09:56:24 - Found: 218782.jpg
09:56:24 - Found: 187175.jpg
09:56:24 - Found: 138528.jpg
09:56:24 - Found: 84596.jpg
09:56:24 - Found: 402601.jpg
09:56:24 - Found: 525499.jpg
09:56:24 - Found: 108551.jpg
09:56:24 - Found: 155951.jpg
09:56:24 - Found: 247711.jpg
09:56:24 - Found: 10180.jpg
09:56:24 - Found: 470675.jpg
09:56:24 - Found: 650913.jpg
09:56:24 - Found: 218768.jpg
09:56:24 - Found: 244650.jpg
09:56:24 - Found: 279357.jpg
09:56:24 - Found: 114746.jpg
09:56:24 - Found: 125448.jpg
09:56:24 - Found: 560636.jpg
09:56:24 - Found: 565086.jpg
09:56:24 - Found: 173019.jpg
09:56:24 - Found: 317221.jpg
09:56:24 - Found: 374886.jpg
09:56:24 - Found: 11934.jpg
09:56:24 - Found: 63574.jpg
09:56:24 - Found: 114772.jpg
09:56:24 - Found: 336862.jpg
09:56:24 - Found: 186965.jpg
09:56:24 - Found: 12829.jpg
09:56:24 - Found: 207378.jpg
09:56:24 - Found: 338531.jpg
09:56:24 - Found: 114578.jpg
09:56:24 - Found: 99857.jpg
09:56:24 - Found: 618005.jpg
09:56:24 - Found: 296055.jpg
09:56:24 - Found: 274880.jpg
09:56:24 - Found: 124382.jpg
09:56:24 - Found: 114634.jpg
09:56:24 - Found: 218773.jpg
09:56:24 - Found: 114708.jpg
09:56:24 - Found: 374720.jpg
09:56:24 - Found: 418432.jpg
09:56:24 - Found: 114586.jpg
09:56:24 - Found: 426384.jpg
09:56:24 - Found: 390084.jpg
09:56:24 - Found: 114722.jpg
09:56:24 - Found: 328778.jpg
09:56:24 - Found: 317226.jpg
09:56:24 - Found: 306850.jpg
09:56:24 - Found: 124384.jpg
09:56:24 - Found: 155941.jpg
09:56:24 - Found: 173044.jpg
09:56:24 - Found: 4760.jpg
09:56:24 - Found: 18034.jpg
09:56:24 - Found: 125449.jpg
09:56:24 - Found: 12449.jpg
09:56:24 - Found: 285117.jpg
09:56:24 - Found: 420814.jpg
09:56:24 - Found: 10179.jpg
09:56:24 - Found: 385582.jpg
09:56:24 - Found: 376663.jpg
09:56:24 - Found: 224533.jpg
09:56:24 - Found: 156005.jpg
09:56:24 - Found: 218780.jpg
09:56:24 - Found: 139931.jpg
09:56:24 - Found: 336602.jpg
09:56:24 - Found: 155981.jpg
09:56:24 - Found: 306836.jpg
09:56:24 - Found: 684234.jpg
09:56:24 - Found: 286915.jpg
09:56:24 - Found: 571183.jpg
09:56:24 - Found: 317207.jpg
09:56:24 - Found: 482429.jpg
09:56:24 - Found: 12448.jpg
09:56:24 - Found: 197232.jpg
09:56:24 - Found: 538179.jpg
09:56:24 - Found: 218802.jpg
09:56:24 - Found: 470683.jpg
09:56:24 - Found: 306853.jpg
09:56:24 - Found: 545368.jpg
09:56:24 - Found: 245484.jpg
09:56:24 - Found: 296621.jpg
09:56:24 - Found: 218776.jpg
09:56:24 - Found: 114760.jpg
09:56:24 - Found: 218781.jpg
09:56:24 - Found: 180300.jpg
09:56:24 - Found: 303196.jpg
09:56:24 - Found: 21068.jpg
09:56:24 - Found: 358737.jpg
09:56:24 - Found: 299539.jpg
09:56:24 - Found: 438852.jpg
09:56:24 - Found: 36754.jpg
09:56:24 - Found: 72106.jpg
09:56:24 - Found: 651246.jpg
09:56:24 - Found: 606544.jpg
09:56:24 - Found: 375615.jpg
09:56:24 - Found: 629624.jpg
09:56:24 - Found: 308179.jpg
09:56:24 - Found: 244641.jpg
09:56:24 - Found: 596881.jpg
09:56:24 - Found: 218796.jpg
09:56:24 - Found: 114728.jpg
09:56:24 - Found: 97960.jpg
09:56:24 - Found: 374902.jpg
09:56:24 - Found: 216636.jpg
09:56:24 - Found: 149672.jpg
09:56:24 - Found: 218792.jpg
09:56:24 - Found: 374885.jpg
09:56:24 - Found: 672597.jpg
09:56:24 - Found: 353911.jpg
09:56:24 - Found: 11969.jpg
09:56:24 - Found: 680378.jpg
09:56:24 - Found: 191675.jpg
09:56:24 - Found: 132955.jpg
09:56:24 - Found: 200779.jpg
09:56:24 - Found: 132948.jpg
09:56:24 - Found: 264007.jpg
09:56:24 - Found: 394764.jpg
09:56:24 - Found: 185533.jpg
09:56:24 - Found: 187994.jpg
09:56:24 - Found: 571181.jpg
09:56:24 - Found: 641786.jpg
09:56:24 - Found: 315118.jpg
09:56:24 - Found: 114574.jpg
09:56:24 - Found: 135589.jpg
09:56:24 - Found: 690387.jpg
09:56:24 - Found: 296623.jpg
09:56:24 - Found: 383038.jpg
09:56:24 - Found: 134500.jpg
09:56:24 - Found: 114616.jpg
09:56:24 - Found: 630383.jpg
09:56:24 - Found: 266180.jpg
09:56:24 - Found: 190565.jpg
09:56:24 - Found: 226058.jpg
09:56:24 - Found: 114581.jpg
09:56:24 - Found: 289499.jpg
09:56:24 - Found: 448330.jpg
09:56:24 - Found: 271995.jpg
09:56:24 - Found: 599412.jpg
09:56:24 - Found: 179488.jpg
09:56:24 - Found: 55969.jpg
09:56:24 - Found: 114709.jpg
09:56:24 - Found: 81562.jpg
09:56:24 - Found: 118002.jpg
09:56:24 - Found: 558794.jpg
09:56:24 - Found: 218757.jpg
09:56:24 - Found: 284297.jpg
09:56:24 - Found: 114580.jpg
09:56:24 - Found: 46310.jpg
09:56:24 - Found: 317212.jpg
09:56:24 - Found: 421260.jpg
09:56:24 - Found: 435422.jpg
09:56:24 - Found: 62125.jpg
09:56:24 - Found: 72105.jpg
09:56:24 - Found: 118351.jpg
09:56:24 - Found: 114627.jpg
09:56:24 - Found: 124383.jpg
09:56:24 - Found: 197230.jpg
09:56:24 - Found: 429427.jpg
09:56:24 - Found: 153993.jpg
09:56:24 - Found: 306849.jpg
09:56:24 - Found: 114764.jpg
09:56:24 - Found: 187817.jpg
09:56:24 - Found: 570867.jpg
09:56:24 - Found: 591665.jpg
09:56:24 - Found: 350435.jpg
09:56:24 - Found: 306852.jpg
09:56:24 - Found: 296625.jpg
09:56:24 - Found: 374893.jpg
09:56:24 - Found: 374890.jpg
09:56:24 - Found: 114570.jpg
09:56:24 - Found: 65144.jpg
09:56:24 - Found: 306838.jpg
09:56:24 - Found: 114724.jpg
09:56:24 - Found: 385276.jpg
09:56:24 - Found: 155983.jpg
09:56:24 - Found: 696501.jpg
09:56:24 - Found: 155959.jpg
09:56:24 - Found: 350434.jpg
09:56:24 - Found: 84498.jpg
09:56:24 - Found: 155968.jpg
09:56:24 - Found: 111291.jpg
09:56:24 - Found: 374724.jpg
09:56:24 - Found: 413422.jpg
09:56:24 - Found: 539118.jpg
09:56:24 - Found: 171408.jpg
09:56:24 - Found: 114594.jpg
09:56:24 - Found: 171407.jpg
09:56:24 - Found: 690050.jpg
09:56:24 - Found: 118000.jpg
09:56:24 - Found: 114723.jpg
09:56:24 - Found: 132645.jpg
09:56:24 - Found: 132646.jpg
09:56:24 - Found: 133068.jpg
09:56:24 - Found: 292793.jpg
09:56:24 - Found: 365784.jpg
09:56:24 - Found: 391833.jpg
09:56:24 - Found: 420805.jpg
09:56:24 - Found: 124385.jpg
09:56:24 - Found: 114773.jpg
09:56:24 - Found: 238730.jpg
09:56:24 - Found: 300093.jpg
09:56:24 - Found: 381949.jpg
09:56:24 - Found: 519242.jpg
09:56:24 - Found: 43555.jpg
09:56:24 - Found: 155946.jpg
09:56:24 - Found: 27058.jpg
09:56:24 - Found: 155949.jpg
09:56:24 - Found: 252482.jpg
09:56:24 - Found: 111323.jpg
09:56:24 - Found: 155929.jpg
09:56:24 - Found: 186966.jpg
09:56:24 - Found: 374469.jpg
09:56:24 - Found: 296056.jpg
09:56:24 - Found: 261064.jpg
09:56:24 - Found: 114726.jpg
09:56:24 - Found: 55828.jpg
09:56:24 - Found: 155932.jpg
09:56:24 - Found: 305238.jpg
09:56:24 - Found: 442298.jpg
09:56:24 - Found: 156007.jpg
09:56:24 - Found: 114612.jpg
09:56:24 - Found: 218779.jpg
09:56:24 - Found: 605481.jpg
09:56:24 - Found: 218747.jpg
09:56:24 - Found: 317224.jpg
09:56:24 - Found: 410129.jpg
09:56:24 - Found: 132850.jpg
09:56:24 - Found: 284445.jpg
09:56:24 - Found: 218760.jpg
09:56:24 - Found: 353400.jpg
09:56:24 - Found: 313012.jpg
09:56:24 - Found: 17040.jpg
09:56:24 - Found: 8559.jpg
09:56:24 - Found: 106324.jpg
09:56:24 - Found: 645676.jpg
09:56:24 - Found: 231607.jpg
09:56:24 - Found: 308176.jpg
09:56:24 - Found: 118831.jpg
09:56:24 - Found: 418636.jpg
09:56:24 - Found: 218793.jpg
09:56:24 - Found: 391834.jpg
09:56:24 - Found: 595050.jpg
09:56:24 - Found: 405167.jpg
09:56:24 - Found: 224536.jpg
09:56:24 - Found: 631623.jpg
09:56:24 - Found: 376798.jpg
09:56:24 - Found: 129691.jpg
09:56:24 - Found: 114576.jpg
09:56:24 - Found: 120723.jpg
09:56:24 - Found: 155971.jpg
09:56:24 - Found: 120142.jpg
09:56:24 - Found: 620322.jpg
09:56:24 - Found: 135585.jpg
09:56:24 - Found: 117995.jpg
09:56:24 - Found: 15315.jpg
09:56:24 - Found: 592141.jpg
09:56:24 - Found: 690386.jpg
09:56:24 - Found: 374897.jpg
09:56:24 - Found: 588795.jpg
09:56:24 - Found: 149669.jpg
09:56:24 - Found: 27099.jpg
09:56:24 - Found: 296738.jpg
09:56:24 - Found: 405171.jpg
09:56:24 - Found: 63575.jpg
09:56:24 - Found: 114575.jpg
09:56:24 - Found: 690388.jpg
09:56:24 - Found: 374721.jpg
09:56:24 - Found: 156006.jpg
09:56:24 - Found: 185019.jpg
09:56:24 - Found: 240134.jpg
09:56:24 - Found: 188229.jpg
09:56:24 - Found: 114743.jpg
09:56:24 - Found: 35928.jpg
09:56:24 - Found: 155965.jpg
09:56:24 - Found: 86661.jpg
09:56:24 - Found: 114691.jpg
09:56:24 - Found: 288261.jpg
09:56:24 - Found: 155938.jpg
09:56:24 - Found: 310173.jpg
09:56:24 - Found: 404886.jpg
09:56:24 - Found: 420807.jpg
09:56:24 - Found: 354881.jpg
09:56:24 - Found: 15317.jpg
09:56:24 - Found: 608208.jpg
09:56:24 - Found: 190567.jpg
09:56:24 - Found: 155940.jpg
09:56:24 - Found: 564577.jpg
09:56:24 - Found: 374889.jpg
09:56:24 - Found: 188591.jpg
09:56:24 - Found: 188231.jpg
09:56:24 - Found: 186065.jpg
09:56:24 - Found: 595066.jpg
09:56:24 - Found: 72193.jpg
09:56:24 - Found: 267105.jpg
09:56:24 - Found: 136551.jpg
09:56:24 - Found: 229146.jpg
09:56:24 - Found: 187820.jpg
09:56:24 - Found: 17178.jpg
09:56:24 - Found: 114757.jpg
09:56:24 - Found: 153357.jpg
09:56:24 - Found: 149599.jpg
09:56:24 - Found: 195281.jpg
09:56:24 - Found: 296053.jpg
09:56:24 - Found: 188592.jpg
09:56:24 - Found: 18008.jpg
09:56:24 - Found: 296622.jpg
09:56:24 - Found: 11367.jpg
09:56:24 - Found: 6631.jpg
09:56:24 - Found: 68658.jpg
09:56:24 - Found: 305237.jpg
09:56:24 - Found: 624728.jpg
09:56:24 - Found: 114711.jpg
09:56:24 - Found: 202905.jpg
09:56:24 - Found: 224535.jpg
09:56:24 - Found: 118005.jpg
09:56:24 - Found: 72107.jpg
09:56:24 - Found: 218761.jpg
09:56:24 - Found: 114725.jpg
09:56:24 - Found: 188230.jpg
09:56:24 - Found: 114755.jpg
09:56:24 - Found: 428552.jpg
09:56:24 - Found: 420815.jpg
09:56:24 - Found: 408392.jpg
09:56:24 - Found: 306875.jpg
09:56:24 - Found: 68601.jpg
09:56:24 - Found: 202909.jpg
09:56:24 - Found: 420819.jpg
09:56:24 - Found: 305280.jpg
09:56:24 - Found: 55898.jpg
09:56:24 - Found: 385580.jpg
09:56:24 - Found: 626749.jpg
09:56:24 - Found: 277765.jpg
09:56:24 - Found: 186964.jpg
09:56:24 - Found: 570869.jpg
09:56:24 - Found: 384498.jpg
09:56:24 - Found: 114737.jpg
09:56:24 - Found: 97952.jpg
09:56:24 - Found: 114696.jpg
09:56:24 - Found: 132952.jpg
09:56:24 - Found: 234632.jpg
09:56:24 - Found: 218752.jpg
09:56:24 - Found: 470682.jpg
09:56:24 - Found: 140030.jpg
09:56:24 - Found: 63806.jpg
09:56:24 - Found: 390163.jpg
09:56:24 - Found: 117998.jpg
09:56:24 - Found: 1613.jpg
09:56:24 - Found: 140097.jpg
09:56:24 - Found: 408394.jpg
09:56:24 - Found: 305005.jpg
09:56:24 - Found: 155952.jpg
09:56:24 - Found: 218767.jpg
09:56:24 - Found: 123097.jpg
09:56:24 - Found: 201292.jpg
09:56:24 - Found: 188225.jpg
09:56:24 - Found: 132953.jpg
09:56:24 - Found: 563375.jpg
09:56:24 - Found: 271402.jpg
09:56:24 - Found: 292796.jpg
09:56:24 - Found: 289500.jpg
09:56:24 - Found: 378839.jpg
09:56:24 - Found: 155937.jpg
09:56:24 - Found: 354879.jpg
09:56:24 - Found: 135593.jpg
09:56:24 - Found: 149671.jpg
09:56:24 - Found: 583340.jpg
09:56:24 - Found: 625321.jpg
09:56:24 - Found: 214841.jpg
09:56:24 - Found: 300987.jpg
09:56:24 - Found: 470680.jpg
09:56:24 - Found: 385275.jpg
09:56:24 - Found: 124381.jpg
09:56:24 - Found: 340037.jpg
09:56:24 - Found: 111292.jpg
09:56:24 - Found: 5379.jpg
09:56:24 - Found: 97957.jpg
09:56:24 - Found: 188594.jpg
09:56:24 - Found: 19574.jpg
09:56:24 - Found: 292797.jpg
09:56:24 - Found: 404855.jpg
09:56:24 - Found: 292792.jpg
09:56:24 - Found: 123793.jpg
09:56:24 - Found: 145255.jpg
09:56:24 - Found: 111297.jpg
09:56:24 - Found: 155936.jpg
09:56:24 - Found: 150158.jpg
09:56:24 - Found: 376018.jpg
09:56:24 - Found: 155973.jpg
09:56:24 - Found: 317214.jpg
09:56:24 - Found: 46311.jpg
09:56:24 - Found: 19575.jpg
09:56:24 - Found: 228937.jpg
09:56:24 - Found: 218775.jpg
09:56:24 - Found: 192801.jpg
09:56:24 - Found: 111296.jpg
09:56:24 - Found: 391832.jpg
09:56:24 - Found: 405170.jpg
09:56:24 - Found: 344792.jpg
09:56:24 - Found: 306839.jpg
09:56:24 - Found: 404139.jpg
09:56:24 - Found: 267261.jpg
09:56:24 - Found: 301524.jpg
09:56:24 - Found: 191582.jpg
09:56:24 - Found: 480763.jpg
09:56:24 - Found: 284864.jpg
09:56:24 - Found: 129689.jpg
09:56:24 - Found: 296972.jpg
09:56:24 - Found: 420818.jpg
09:56:24 - Found: 699237.jpg
09:56:24 - Found: 697534.jpg
09:56:24 - Found: 187819.jpg
09:56:24 - Found: 218746.jpg
09:56:24 - Found: 379122.jpg
09:56:24 - Found: 359306.jpg
09:56:24 - Found: 588790.jpg
09:56:24 - Found: 188593.jpg
09:56:24 - Found: 68703.jpg
09:56:24 - Found: 114730.jpg
09:56:24 - Found: 181985.jpg
09:56:24 - Found: 293077.jpg
09:56:24 - Found: 296054.jpg
09:56:24 - Found: 63803.jpg
09:56:24 - Found: 684238.jpg
09:56:24 - Found: 282827.jpg
09:56:24 - Found: 409628.jpg
09:56:24 - Found: 155954.jpg
09:56:24 - Found: 238715.jpg
09:56:24 - Found: 312764.jpg
09:56:24 - Found: 185998.jpg
09:56:24 - Found: 642843.jpg
09:56:24 - Found: 359303.jpg
09:56:24 - Found: 293939.jpg
09:56:24 - Found: 133066.jpg
09:56:24 - Found: 63694.jpg
09:56:24 - Found: 15310.jpg
09:56:24 - Found: 365782.jpg
09:56:24 - Found: 408393.jpg
09:56:24 - Found: 218755.jpg
09:56:24 - Found: 429037.jpg
09:56:24 - Found: 111308.jpg
09:56:24 - Found: 120146.jpg
09:56:24 - Found: 570868.jpg
09:56:24 - Found: 560634.jpg
09:56:24 - Found: 114583.jpg
09:56:24 - Found: 12450.jpg
09:56:24 - Found: 114595.jpg
09:56:24 - Found: 190572.jpg
09:56:24 - Found: 483871.jpg
09:56:24 - Found: 306837.jpg
09:56:24 - Found: 134501.jpg
09:56:24 - Found: 391837.jpg
09:56:24 - Found: 235571.jpg
09:56:24 - Found: 155980.jpg
09:56:24 - Found: 185999.jpg
09:56:24 - Found: 394655.jpg
09:56:24 - Found: 377307.jpg
09:56:24 - Found: 263434.jpg
09:56:24 - Found: 190575.jpg
09:56:24 - Found: 113579.jpg
09:56:24 - Found: 375541.jpg
09:56:24 - Found: 114747.jpg
09:56:24 - Found: 278372.jpg
09:56:24 - Found: 11936.jpg
09:56:24 - Found: 218769.jpg
09:56:24 - Found: 155950.jpg
09:56:24 - Found: 55827.jpg
09:56:24 - Found: 690389.jpg
09:56:24 - Found: 227940.jpg
09:56:24 - Found: 114754.jpg
09:56:24 - Found: 56506.jpg
09:56:24 - Found: 155975.jpg
09:56:24 - Found: 402606.jpg
09:56:24 - Found: 420809.jpg
09:56:24 - Found: 188581.jpg
09:56:24 - Found: 315123.jpg
09:56:24 - Found: 15316.jpg
09:56:24 - Found: 235874.jpg
09:56:24 - Found: 618004.jpg
09:56:24 - Found: 188589.jpg
09:56:24 - Found: 218798.jpg
09:56:24 - Found: 51432.jpg
09:56:24 - Found: 560635.jpg
09:56:24 - Found: 117999.jpg
09:56:24 - Found: 377626.jpg
09:56:24 - Found: 480154.jpg
09:56:24 - Found: 218745.jpg
09:56:24 - Found: 296626.jpg
09:56:24 - Found: 350432.jpg
09:56:24 - Found: 595057.jpg
09:56:24 - Found: 317206.jpg
09:56:24 - Found: 544888.jpg
09:56:24 - Found: 570858.jpg
09:56:24 - Found: 118001.jpg
09:56:24 - Found: 300985.jpg
09:56:24 - Found: 9199.jpg
09:56:24 - Found: 190753.jpg
09:56:24 - Found: 188580.jpg
09:56:24 - Found: 329156.jpg
09:56:24 - Found: 420808.jpg
09:56:24 - Found: 27100.jpg
09:56:24 - Found: 111294.jpg
09:56:24 - Found: 271435.jpg
09:56:24 - Found: 114636.jpg
09:56:24 - Found: 540908.jpg
09:56:24 - Found: 354099.jpg
09:56:24 - Found: 188223.jpg
09:56:24 - Found: 12834.jpg
09:56:24 - Found: 414679.jpg
09:56:24 - Found: 97953.jpg
09:56:24 - Found: 111321.jpg
09:56:24 - Found: 111306.jpg
09:56:24 - Found: 188235.jpg
09:56:24 - Found: 7240.jpg
09:56:24 - Found: 114727.jpg
09:56:24 - Found: 504170.jpg
09:56:24 - Found: 317213.jpg
09:56:24 - Found: 305239.jpg
09:56:24 - Found: 185535.jpg
09:56:24 - Found: 173610.jpg
09:56:24 - Found: 317205.jpg
09:56:24 - Found: 445749.jpg
09:56:24 - Found: 12833.jpg
09:56:24 - Found: 11945.jpg
09:56:24 - Found: 114628.jpg
09:56:24 - Found: 45484.jpg
09:56:24 - Found: 238862.jpg
09:56:24 - Found: 17497.jpg
09:56:24 - Found: 185996.jpg
09:56:24 - Found: 130195.jpg
09:56:24 - Found: 317223.jpg
09:56:24 - Found: 46309.jpg
09:56:24 - Found: 114714.jpg
09:56:24 - Found: 697533.jpg
09:56:24 - Found: 114592.jpg
09:56:24 - Found: 155963.jpg
09:56:24 - Found: 16895.jpg
09:56:24 - Found: 132851.jpg
09:56:24 - Found: 155982.jpg
09:56:24 - Found: 111316.jpg
09:56:24 - Found: 218762.jpg
09:56:24 - Found: 63830.jpg
09:56:24 - Found: 651247.jpg
09:56:24 - Found: 570865.jpg
09:56:24 - Found: 155961.jpg
09:56:24 - Found: 571516.jpg
09:56:24 - Found: 118348.jpg
09:56:24 - Found: 190755.jpg
09:56:24 - Found: 415567.jpg
09:56:24 - Found: 690417.jpg
09:56:24 - Found: 570864.jpg
09:56:24 - Found: 234299.jpg
09:56:24 - Found: 19567.jpg
09:56:24 - Found: 300984.jpg
09:56:24 - Found: 111609.jpg
09:56:24 - Found: 657296.jpg
09:56:24 - Found: 218777.jpg
09:56:24 - Found: 624424.jpg
09:56:24 - Found: 231149.jpg
09:56:24 - Found: 155947.jpg
09:56:24 - Found: 585219.jpg
09:56:24 - Found: 155979.jpg
09:56:24 - Found: 271434.jpg
09:56:24 - Found: 118349.jpg
09:56:24 - Found: 216635.jpg
09:56:24 - Found: 332136.jpg
09:56:24 - Found: 201596.jpg
09:56:24 - Found: 385178.jpg
09:56:24 - Found: 580193.jpg
09:56:24 - Found: 300092.jpg
09:56:24 - Found: 114614.jpg
09:56:24 - Found: 317222.jpg
09:56:24 - Found: 125473.jpg
09:56:24 - Found: 218751.jpg
09:56:24 - Found: 185601.jpg
09:56:24 - Found: 405172.jpg
09:56:24 - Found: 306832.jpg
09:56:24 - Found: 195900.jpg
09:56:24 - Found: 134200.jpg
09:56:24 - Found: 317209.jpg
09:56:24 - Found: 98951.jpg
09:56:24 - Found: 574036.jpg
09:56:24 - Found: 470679.jpg
09:56:24 - Found: 491570.jpg
09:56:24 - Found: 294368.jpg
09:56:24 - Found: 188590.jpg
09:56:24 - Found: 567518.jpg
09:56:24 - Found: 691490.jpg
09:56:24 - Found: 43553.jpg
09:56:24 - Found: 188317.jpg
09:56:24 - Found: 72182.jpg
09:56:24 - Found: 155977.jpg
09:56:24 - Found: 538178.jpg
09:56:24 - Found: 114763.jpg
09:56:24 - Found: 199165.jpg
09:56:24 - Found: 114736.jpg
09:56:24 - Found: 180299.jpg
09:56:24 - Found: 620778.jpg
09:56:24 - Found: 426385.jpg
09:56:24 - Found: 17613.jpg
09:56:24 - Found: 425006.jpg
09:56:24 - Found: 155863.jpg
09:56:24 - Found: 576859.jpg
09:56:24 - Found: 409780.jpg
09:56:24 - Found: 97247.jpg
09:56:24 - Found: 15023.jpg
09:56:24 - Found: 690611.jpg
09:56:24 - Found: 336603.jpg
09:56:24 - Found: 63809.jpg
09:56:24 - Found: 55968.jpg
09:56:24 - Found: 357498.jpg
09:56:24 - Found: 114590.jpg
09:56:24 - Found: 114744.jpg
09:56:24 - Found: 346026.jpg
09:56:24 - Found: 306834.jpg
09:56:24 - Found: 385581.jpg
09:56:24 - Found: 136677.jpg
09:56:24 - Found: 589327.jpg
09:56:24 - Found: 64967.jpg
09:56:24 - Found: 218754.jpg
09:56:24 - Found: 11929.jpg
09:56:24 - Found: 220812.jpg
09:56:24 - Found: 114731.jpg
09:56:24 - Found: 188582.jpg
09:56:24 - Found: 365894.jpg
09:56:24 - Found: 212628.jpg
09:56:24 - Found: 116583.jpg
09:56:24 - Found: 188233.jpg
09:56:24 - Found: 587665.jpg
09:56:24 - Found: 376799.jpg
09:56:24 - Found: 114695.jpg
09:56:24 - Found: 398672.jpg
09:56:24 - Found: 586776.jpg
09:56:24 - Found: 120145.jpg
09:56:24 - Found: 317240.jpg
09:56:24 - Found: 417432.jpg
09:56:24 - Found: 130197.jpg
09:56:24 - Found: 114767.jpg
09:56:24 - Found: 595067.jpg
09:56:24 - Found: 574949.jpg
09:56:24 - Found: 17030.jpg
09:56:24 - Found: 296971.jpg
09:56:24 - Found: 421131.jpg
09:56:24 - Found: 185534.jpg
09:56:24 - Found: 308329.jpg
09:56:24 - Found: 11935.jpg
09:56:24 - Found: 385273.jpg
09:56:24 - Found: 336601.jpg
09:56:24 - Found: 317216.jpg
09:56:24 - Found: 111315.jpg
09:56:24 - Found: 45868.jpg
09:56:24 - Found: 188588.jpg
09:56:24 - Found: 173634.jpg
09:56:24 - Found: 213676.jpg
09:56:24 - Found: 63565.jpg
09:56:24 - Found: 247989.jpg
09:56:24 - Found: 111608.jpg
09:56:24 - Found: 301525.jpg
09:56:24 - Found: 63829.jpg
09:56:24 - Found: 570866.jpg
09:56:24 - Found: 490855.jpg
09:56:24 - Found: 306851.jpg
09:56:24 - Found: 315121.jpg
09:56:24 - Found: 296624.jpg
09:56:24 - Found: 442213.jpg
09:56:24 - Found: 190570.jpg
09:56:24 - Found: 306874.jpg
09:56:24 - Found: 114630.jpg
09:56:24 - Found: 300986.jpg
09:56:24 - Found: 198123.jpg
09:56:24 - Found: 690608.jpg
09:56:24 - Found: 63853.jpg
09:56:24 - Found: 385274.jpg
09:56:24 - Found: 263430.jpg
09:56:24 - Found: 182792.jpg
09:56:24 - Found: 498125.jpg
09:56:24 - Found: 341203.jpg
09:56:24 - Found: 198342.jpg
09:56:24 - Found: 114584.jpg
09:56:24 - Found: 608209.jpg
09:56:24 - Found: 171405.jpg
09:56:24 - Found: 114768.jpg
09:56:24 - Found: 175003.jpg
09:56:24 - Found: 155962.jpg
09:56:24 - Found: 317218.jpg
09:56:24 - Found: 149670.jpg
09:56:24 - Found: 113560.jpg
09:56:24 - Found: 415566.jpg
09:56:24 - Found: 43554.jpg
09:56:24 - Found: 114741.jpg
09:56:24 - Found: 519271.jpg
09:56:24 - Found: 278373.jpg
09:56:24 - Found: 113700.jpg
09:56:24 - Found: 423815.jpg
09:56:24 - Found: 134502.jpg
09:56:24 - Found: 63832.jpg
09:56:24 - Found: 79468.jpg
09:56:24 - Found: 287476.jpg
09:56:24 - Found: 328779.jpg
09:56:24 - Found: 155944.jpg
09:56:24 - Found: 470678.jpg
09:56:24 - Found: 123952.jpg
09:56:24 - Found: 117996.jpg
09:56:24 - Found: 644256.jpg
09:56:24 - Found: 130158.jpg
09:56:24 - Found: 114710.jpg
09:56:24 - Found: 36776.jpg
09:56:24 - Found: 420806.jpg
09:56:24 - Found: 315265.jpg
09:56:24 - Found: 71000.jpg
09:56:24 - Found: 204953.jpg
09:56:24 - Found: 188579.jpg
09:56:24 - Found: 251363.jpg
09:56:24 - Found: 188587.jpg
09:56:24 - Found: 298937.jpg
09:56:24 - Found: 36762.jpg
09:56:24 - Found: 114756.jpg
09:56:24 - Found: 20575.jpg
09:56:24 - Found: 7238.jpg
09:56:24 - Found: 462582.jpg
09:56:24 - Found: 389467.jpg
09:56:24 - Found: 571182.jpg
09:56:24 - Found: 63576.jpg
09:56:24 - Found: 292798.jpg
09:56:24 - Found: 149427.jpg
09:56:24 - Found: 377894.jpg
09:56:24 - Found: 488733.jpg
09:56:24 - Found: 405165.jpg
09:56:24 - Found: 180298.jpg
09:56:24 - Found: 300591.jpg
09:56:24 - Found: 114766.jpg
09:56:24 - Found: 374896.jpg
09:56:24 - Found: 138525.jpg
09:56:24 - Found: 429147.jpg
09:56:24 - Found: 305234.jpg
09:56:24 - Found: 697535.jpg
09:56:24 - Found: 697712.jpg
09:56:24 - Found: 114670.jpg
09:56:24 - Found: 111290.jpg
09:56:24 - Found: 599411.jpg
09:56:24 - Found: 11937.jpg
09:56:24 - Found: 132852.jpg
09:56:24 - Found: 430008.jpg
09:56:24 - Found: 374884.jpg
09:56:24 - Found: 202332.jpg
09:56:24 - Found: 6635.jpg
09:56:24 - Found: 155943.jpg
09:56:24 - Found: 277768.jpg
09:56:24 - Found: 563804.jpg
09:56:24 - Found: 578301.jpg
09:56:24 - Found: 408942.jpg
09:56:24 - Found: 114758.jpg
09:56:24 - Found: 111317.jpg
09:56:24 - Found: 365783.jpg
09:56:24 - Found: 63852.jpg
09:56:24 - Found: 313428.jpg
09:56:24 - Found: 118003.jpg
09:56:24 - Found: 86660.jpg
09:56:24 - Found: 238599.jpg
09:56:24 - Found: 120144.jpg
09:56:24 - Found: 570857.jpg
09:56:24 - Found: 218172.jpg
09:56:24 - Found: 156002.jpg
09:56:24 - Found: 323074.jpg
09:56:24 - Found: 155976.jpg
09:56:24 - Found: 420813.jpg
09:56:24 - Found: 63731.jpg
09:56:24 - Found: 114571.jpg
09:56:24 - Found: 114729.jpg
09:56:24 - Found: 142546.jpg
09:56:24 - Found: 234298.jpg
09:56:24 - Found: 54617.jpg
09:56:24 - Found: 63730.jpg
09:56:24 - Found: 114611.jpg
09:56:24 - Found: 72432.jpg
09:56:24 - Found: 438851.jpg
09:56:24 - Found: 423209.jpg
09:56:24 - Found: 676246.jpg
09:56:24 - Found: 531348.jpg
09:56:24 - Found: 155966.jpg
09:56:24 - Found: 132949.jpg
09:56:24 - Found: 140578.jpg
09:56:24 - Found: 156004.jpg
09:56:24 - Found: 591868.jpg
09:56:24 - Found: 114765.jpg
09:56:24 - Found: 612830.jpg
09:56:24 - Found: 111322.jpg
09:56:24 - Found: 118004.jpg
09:56:24 - Found: 690377.jpg
09:56:24 - Found: 16434.jpg
09:56:24 - Found: 690610.jpg
09:56:24 - Found: 293075.jpg
09:56:24 - Found: 224534.jpg
09:56:24 - Found: 213935.jpg
09:56:24 - Found: 114734.jpg
09:56:24 - Found: 317225.jpg
09:56:24 - Found: 330217.jpg
09:56:24 - Found: 591867.jpg
09:56:24 - Found: 125601.jpg
09:56:24 - Found: 349600.jpg
09:56:24 - Found: 696718.jpg
09:56:24 - Found: 402190.jpg
09:56:24 - Found: 212999.jpg
09:56:24 - Found: 488643.jpg
09:56:24 - Found: 271997.jpg
09:56:24 - Found: 220204.jpg
09:56:24 - Found: 185072.jpg
09:56:24 - Found: 697537.jpg
09:56:24 - Found: 23884.jpg
09:56:24 - Found: 6630.jpg
09:56:24 - Found: 595068.jpg
09:56:24 - Found: 19577.jpg
09:56:24 - Found: 690612.jpg
09:56:24 - Found: 651243.jpg
09:56:24 - Found: 525508.jpg
09:56:24 - Found: 155945.jpg
09:56:24 - Found: 285949.jpg
09:56:24 - Found: 114738.jpg
09:56:24 - Found: 690609.jpg
09:56:24 - Found: 114713.jpg
09:56:24 - Found: 155931.jpg
09:56:24 - Found: 114613.jpg
09:56:24 - Found: 111309.jpg
09:56:24 - Found: 215607.jpg
09:56:24 - Found: 114593.jpg
09:56:24 - Found: 300983.jpg
09:56:24 - Found: 116624.jpg
09:56:24 - Found: 283560.jpg
09:56:24 - Found: 99856.jpg
09:56:24 - Found: 250681.jpg
09:56:24 - Found: 270841.jpg
09:56:24 - Found: 161868.jpg
09:56:24 - Found: 359298.jpg
09:56:24 - Found: 134627.jpg
09:56:24 - Found: 582667.jpg
09:56:24 - Found: 132951.jpg
09:56:24 - Found: 155978.jpg
09:56:24 - Found: 390554.jpg
09:56:24 - Found: 218758.jpg
09:56:24 - Found: 132950.jpg
09:56:24 - Found: 218756.jpg
09:56:24 - Found: 332275.jpg
09:56:24 - Found: 120135.jpg
09:56:24 - Found: 45867.jpg
09:56:24 - Found: 188584.jpg
09:56:24 - Found: 480488.jpg
09:56:24 - Found: 114733.jpg
09:56:24 - Found: 130196.jpg
09:56:24 - Found: 114582.jpg
09:56:24 - Found: 317210.jpg
09:56:24 - Found: 140577.jpg
09:56:24 - Found: 114585.jpg
09:56:24 - Found: 226635.jpg
09:56:24 - Found: 235576.jpg
09:56:24 - Found: 114579.jpg
09:56:24 - Found: 292949.jpg
09:56:24 - Found: 30485.jpg
09:56:24 - Found: 37315.jpg
09:56:24 - Found: 374887.jpg
09:56:24 - Found: 103678.jpg
09:56:24 - Found: 149398.jpg
09:56:24 - Found: 114739.jpg
09:56:24 - Found: 418637.jpg
09:56:24 - Found: 104605.jpg
09:56:24 - Found: 200780.jpg
09:56:24 - Found: 241342.jpg
09:56:24 - Found: 315124.jpg
09:56:24 - Found: 389276.jpg
09:56:24 - Found: 133067.jpg
09:56:24 - Found: 177721.jpg
09:56:24 - Found: 132954.jpg
09:56:24 - Found: 560632.jpg
09:56:24 - Found: 300964.jpg
09:56:24 - Found: 114774.jpg
09:56:24 - Found: 120143.jpg
09:56:24 - Found: 11365.jpg
09:56:24 - Found: 385180.jpg
09:56:24 - Found: 356735.jpg
09:56:24 - Found: 405166.jpg
09:56:24 - Found: 114745.jpg
09:56:24 - Found: 202908.jpg
09:56:24 - Found: 201528.jpg
09:56:24 - Found: 83008.jpg
09:56:24 - Found: 36753.jpg
09:56:24 - Found: 420804.jpg
09:56:24 - Found: 135592.jpg
09:56:24 - Found: 188228.jpg
09:56:24 - Found: 626750.jpg
09:56:24 - Found: 187818.jpg
09:56:24 - Found: 513322.jpg
09:56:24 - Found: 570856.jpg
09:56:24 - Found: 341883.jpg
09:56:24 - Found: 638834.jpg
09:56:24 - Found: 398671.jpg
09:56:24 - Found: 17681.jpg
09:56:24 - Found: 16938.jpg
09:56:24 - Found: 114761.jpg
09:56:24 - Found: 135587.jpg
09:56:24 - Found: 156003.jpg
09:56:24 - Found: 114715.jpg
09:56:24 - Found: 190566.jpg
09:56:24 - Found: 359302.jpg
09:56:24 - Found: 222268.jpg
09:56:24 - Found: 155967.jpg
09:56:24 - Found: 279447.jpg
09:56:24 - Found: 218799.jpg
09:56:24 - Found: 250635.jpg
09:56:24 - Found: 263429.jpg
09:56:24 - Found: 114615.jpg
09:56:24 - Found: 9633.jpg
09:56:24 - Found: 315119.jpg
09:56:24 - Found: 11366.jpg
09:56:24 - Found: 218778.jpg
09:56:24 - Found: 620746.jpg
09:56:24 - Found: 289028.jpg
09:56:24 - Found: 177719.jpg
09:56:24 - Found: 152313.jpg
09:56:24 - Found: 114671.jpg
09:56:24 - Found: 19568.jpg
09:56:24 - Found: 128238.jpg
09:56:24 - Found: 218797.jpg
09:56:24 - Found: 408391.jpg
09:56:24 - Found: 155948.jpg
09:56:24 - Found: 354368.jpg
09:56:24 - Found: 132956.jpg
09:56:24 - Found: 63805.jpg
09:56:24 - Found: 135586.jpg
09:56:24 - Found: 218771.jpg
09:56:24 - Found: 306835.jpg
09:56:24 - Found: 379101.jpg
09:56:24 - Found: 251186.jpg
09:56:24 - Found: 114587.jpg
09:56:24 - Found: 315122.jpg
09:56:24 - Found: 190568.jpg
09:56:24 - Found: 194792.jpg
09:56:24 - Found: 409627.jpg
09:56:24 - Found: 399434.jpg
09:56:24 - Found: 140275.jpg
09:56:24 - Found: 43382.jpg
09:56:24 - Found: 290935.jpg
09:56:24 - Found: 405147.jpg
09:56:24 - Found: 155960.jpg
09:56:24 - Found: 117997.jpg
09:56:24 - Found: 512230.jpg
09:56:24 - Found: 332110.jpg
09:56:24 - Found: 114589.jpg
09:56:24 - Found: 420812.jpg
09:56:24 - Found: 114759.jpg
09:56:24 - Found: 132647.jpg
09:56:24 - Found: 218774.jpg
09:56:24 - Found: 188232.jpg
09:56:24 - Found: 125477.jpg
09:56:24 - Found: 135590.jpg
09:56:24 - Found: 420816.jpg
09:56:24 - Found: 315532.jpg
09:56:24 - Found: 399435.jpg
09:56:24 - Found: 213677.jpg
09:56:24 - Found: 491578.jpg
09:56:24 - Found: 373163.jpg
09:56:24 - Found: 212629.jpg
09:56:24 - Found: 220817.jpg
09:56:24 - Found: 188272.jpg
09:56:24 - Found: 279452.jpg
09:56:24 - Found: 382869.jpg
09:56:24 - Found: 140576.jpg
09:56:24 - Found: 111295.jpg
09:56:24 - Found: 570859.jpg
09:56:24 - Found: 218765.jpg
09:56:24 - Found: 503901.jpg
09:56:24 - Found: 402604.jpg
09:56:24 - Found: 438858.jpg
09:56:24 - Found: 278374.jpg
09:56:24 - Found: 17643.jpg
09:56:24 - Found: 140098.jpg
09:56:24 - Found: 402602.jpg
09:56:24 - Found: 277767.jpg
09:56:24 - Found: 139928.jpg
09:56:24 - Found: 224532.jpg
09:56:24 - Found: 402603.jpg
09:56:24 - Found: 118823.jpg
09:56:24 - Found: 381247.jpg
09:56:24 - Found: 171406.jpg
09:56:24 - Found: 215608.jpg
09:56:24 - Found: 117994.jpg
09:56:24 - Found: 36756.jpg
09:56:24 - Found: 182732.jpg
09:56:24 - Found: 99855.jpg
09:56:24 - Found: 126775.jpg
09:56:24 - Found: 185073.jpg
09:56:24 - Found: 45866.jpg
09:56:24 - Found: 177483.jpg
09:56:24 - Found: 285950.jpg
09:56:24 - Found: 146032.jpg
09:56:24 - Found: 19622.jpg
09:56:24 - Found: 155964.jpg
09:56:24 - Found: 98950.jpg
09:56:24 - Found: 235577.jpg
09:56:24 - Found: 118350.jpg
09:56:24 - Found: 11946.jpg
09:56:24 - Found: 296627.jpg
09:56:24 - Found: 306876.jpg
09:56:24 - Found: 690390.jpg
09:56:24 - Found: 218750.jpg
09:56:24 - Found: 410170.jpg
09:56:24 - Found: 420811.jpg
09:56:24 - Found: 155930.jpg
09:56:24 - Found: 111305.jpg
09:56:24 - Found: 420810.jpg
09:56:24 - Found: 114769.jpg
09:56:24 - Found: 305240.jpg
09:56:24 - Found: 111610.jpg
09:56:24 - Found: 190754.jpg
09:56:24 - Found: 17476.jpg
09:56:24 - Found: 350430.jpg
09:56:24 - Found: 188226.jpg
09:56:24 - Found: 114712.jpg
09:56:24 - Found: 209129.jpg
09:56:24 - Found: 185600.jpg
09:56:24 - Found: 317219.jpg
09:56:24 - Found: 97954.jpg
09:56:24 - Found: 155933.jpg
09:56:24 - Found: 447012.jpg
09:56:24 - Found: 129690.jpg
09:56:24 - Found: 111314.jpg
09:56:24 - Found: 45483.jpg
09:56:24 - Found: 109940.jpg
09:56:24 - Found: 114735.jpg
09:56:24 - Found: 213675.jpg
09:56:24 - Found: 336863.jpg
09:56:24 - Found: 317217.jpg
09:56:24 - Found: 218766.jpg
09:56:24 - Found: 515176.jpg
09:56:24 - Found: 306847.jpg
09:56:24 - Found: 222275.jpg
09:56:24 - Found: 155974.jpg
09:56:24 - Found: 374722.jpg
09:56:24 - Found: 405168.jpg
09:56:24 - Found: 237250.jpg
09:56:24 - Found: 608909.jpg
09:56:24 - Found: 570862.jpg
09:56:24 - Found: 519984.jpg
09:56:24 - 
**************

09:56:24 - Files listed successfully
09:56:24 - Took 0 days 00:00:00.052826 (H:m:s) to list 1255 files
09:56:24 - 
**************

09:56:24 - Saving CSV to: ../../storage/datas/csv/clean/bad_images_moved.csv
09:56:24 - CSV saved successfully
