INFO:root:File not found: 714.jpg
INFO:root:File not found: 251.jpg
INFO:root:File not found: 253.jpg
INFO:root:File not found: 253.jpg
INFO:root:File not found: 1562.jpg
INFO:root:File not found: 1701.jpg
INFO:root:File not found: 1886.jpg
INFO:root:File not found: 2224.jpg
INFO:root:File not found: 3235.jpg
INFO:root:File not found: 5048.jpg
INFO:root:File not found: 8995.jpg
INFO:root:File not found: 9262.jpg
INFO:root:File not found: 10467.jpg
INFO:root:File not found: 10514.jpg
INFO:root:File not found: 11740.jpg
INFO:root:File not found: 13719.jpg
INFO:root:File not found: 18285.jpg
INFO:root:File not found: 19630.jpg
INFO:root:File not found: 20260.jpg
INFO:root:File not found: 20941.jpg
INFO:root:File not found: 20942.jpg
INFO:root:File not found: 20943.jpg
INFO:root:File not found: 20944.jpg
INFO:root:File not found: 20949.jpg
INFO:root:File not found: 20950.jpg
INFO:root:File not found: 21374.jpg
INFO:root:File not found: 22182.jpg
INFO:root:File not found: 22183.jpg
INFO:root:File not found: 22184.jpg
INFO:root:File not found: 22253.jpg
INFO:root:File not found: 22254.jpg
INFO:root:File not found: 5113.jpg
INFO:root:File not found: 5114.jpg
INFO:root:File not found: 23070.jpg
INFO:root:File not found: 23054.jpg
INFO:root:File not found: 24069.jpg
INFO:root:File not found: 24068.jpg
INFO:root:File not found: 24105.jpg
INFO:root:File not found: 24103.jpg
INFO:root:File not found: 24104.jpg
INFO:root:File not found: 24106.jpg
INFO:root:File not found: 24193.jpg
INFO:root:File not found: 24194.jpg
INFO:root:File not found: 24198.jpg
INFO:root:File not found: 24413.jpg
INFO:root:File not found: 24413.jpg
INFO:root:File not found: 24559.jpg
INFO:root:File not found: 20705.jpg
INFO:root:File not found: 24744.jpg
INFO:root:File not found: 26082.jpg
INFO:root:File not found: 26150.jpg
INFO:root:File not found: 26155.jpg
INFO:root:File not found: 26156.jpg
INFO:root:File not found: 26157.jpg
INFO:root:File not found: 26202.jpg
INFO:root:File not found: 26203.jpg
INFO:root:File not found: 26427.jpg
INFO:root:File not found: 26428.jpg
INFO:root:File not found: 26429.jpg
INFO:root:File not found: 26430.jpg
INFO:root:File not found: 26875.jpg
INFO:root:File not found: 25370.jpg
INFO:root:File not found: 30810.jpg
INFO:root:File not found: 30811.jpg
INFO:root:File not found: 38435.jpg
INFO:root:File not found: 38436.jpg
INFO:root:File not found: 41668.jpg
INFO:root:File not found: 43142.jpg
INFO:root:File not found: 44789.jpg
INFO:root:File not found: 44812.jpg
INFO:root:File not found: 45644.jpg
INFO:root:File not found: 44750.jpg
INFO:root:File not found: 46810.jpg
INFO:root:File not found: 58214.jpg
INFO:root:File not found: 58323.jpg
INFO:root:File not found: 61933.jpg
INFO:root:File not found: 62064.jpg
INFO:root:File not found: 73607.jpg
INFO:root:File not found: 73608.jpg
INFO:root:File not found: 73607.jpg
INFO:root:File not found: 73608.jpg
INFO:root:File not found: 73607.jpg
INFO:root:File not found: 73608.jpg
INFO:root:File not found: 73607.jpg
INFO:root:File not found: 73608.jpg
INFO:root:File not found: 73607.jpg
INFO:root:File not found: 73608.jpg
INFO:root:File not found: 77631.jpg
INFO:root:File not found: 81244.jpg
INFO:root:File not found: 81240.jpg
INFO:root:File not found: 81209.jpg
INFO:root:File not found: 81605.jpg
INFO:root:File not found: 81605.jpg
INFO:root:File not found: 88095.jpg
INFO:root:File not found: 88095.jpg
INFO:root:File not found: 91948.jpg
INFO:root:File not found: 91949.jpg
INFO:root:File not found: 91950.jpg
INFO:root:File not found: 92085.jpg
INFO:root:File not found: 97359.jpg
INFO:root:File not found: 97360.jpg
INFO:root:File not found: 97361.jpg
INFO:root:File not found: 97514.jpg
INFO:root:File not found: 97516.jpg
INFO:root:File not found: 97561.jpg
INFO:root:File not found: 97591.jpg
INFO:root:File not found: 97592.jpg
INFO:root:File not found: 97593.jpg
INFO:root:File not found: 101814.jpg
INFO:root:File not found: 102165.jpg
INFO:root:File not found: 102164.jpg
INFO:root:File not found: 105903.jpg
INFO:root:File not found: 105902.jpg
INFO:root:File not found: 109161.jpg
INFO:root:File not found: 109162.jpg
INFO:root:File not found: 111928.jpg
INFO:root:File not found: 111929.jpg
INFO:root:File not found: 112160.jpg
INFO:root:File not found: 112160.jpg
INFO:root:File not found: 116952.jpg
INFO:root:File not found: 122777.jpg
INFO:root:File not found: 122778.jpg
INFO:root:File not found: 123397.jpg
INFO:root:File not found: 123396.jpg
INFO:root:File not found: 130934.jpg
INFO:root:File not found: 130964.jpg
INFO:root:File not found: 137156.jpg
INFO:root:File not found: 137156.jpg
INFO:root:File not found: 137156.jpg
INFO:root:File not found: 138853.jpg
INFO:root:File not found: 136377.jpg
INFO:root:File not found: 136806.jpg
INFO:root:File not found: 79117.jpg
INFO:root:File not found: 79122.jpg
INFO:root:File not found: 79121.jpg
INFO:root:File not found: 142266.jpg
INFO:root:File not found: 142264.jpg
INFO:root:File not found: 142305.jpg
INFO:root:File not found: 142387.jpg
INFO:root:File not found: 142724.jpg
INFO:root:File not found: 142725.jpg
INFO:root:File not found: 142781.jpg
INFO:root:File not found: 142783.jpg
INFO:root:File not found: 143582.jpg
INFO:root:File not found: 143583.jpg
INFO:root:File not found: 143582.jpg
INFO:root:File not found: 143583.jpg
INFO:root:File not found: 143583.jpg
INFO:root:File not found: 143582.jpg
INFO:root:File not found: 165276.jpg
INFO:root:File not found: 166167.jpg
INFO:root:File not found: 166168.jpg
INFO:root:File not found: 166169.jpg
INFO:root:File not found: 167035.jpg
INFO:root:File not found: 171446.jpg
INFO:root:File not found: 171458.jpg
INFO:root:File not found: 167392.jpg
INFO:root:File not found: 205790.jpg
INFO:root:File not found: 183535.jpg
INFO:root:File not found: 183536.jpg
INFO:root:File not found: 185375.jpg
INFO:root:File not found: 185373.jpg
INFO:root:File not found: 189154.jpg
INFO:root:File not found: 191477.jpg
INFO:root:File not found: 191479.jpg
INFO:root:File not found: 182412.jpg
INFO:root:File not found: 182413.jpg
INFO:root:File not found: 182414.jpg
INFO:root:File not found: 196526.jpg
INFO:root:File not found: 196527.jpg
INFO:root:File not found: 196528.jpg
INFO:root:File not found: 196872.jpg
INFO:root:File not found: 196873.jpg
INFO:root:File not found: 50262.jpg
INFO:root:File not found: 200343.jpg
INFO:root:File not found: 200344.jpg
INFO:root:File not found: 200345.jpg
INFO:root:File not found: 200346.jpg
INFO:root:File not found: 200925.jpg
INFO:root:File not found: 200392.jpg
INFO:root:File not found: 203935.jpg
INFO:root:File not found: 205148.jpg
INFO:root:File not found: 205478.jpg
INFO:root:File not found: 205479.jpg
INFO:root:File not found: 205495.jpg
INFO:root:File not found: 206047.jpg
INFO:root:File not found: 206569.jpg
INFO:root:File not found: 211572.jpg
INFO:root:File not found: 220079.jpg
INFO:root:File not found: 220080.jpg
INFO:root:File not found: 220081.jpg
INFO:root:File not found: 220060.jpg
INFO:root:File not found: 220061.jpg
INFO:root:File not found: 220642.jpg
INFO:root:File not found: 224276.jpg
INFO:root:File not found: 224277.jpg
INFO:root:File not found: 232775.jpg
INFO:root:File not found: 232785.jpg
INFO:root:File not found: 235233.jpg
INFO:root:File not found: 235336.jpg
INFO:root:File not found: 235342.jpg
INFO:root:File not found: 235393.jpg
INFO:root:File not found: 235392.jpg
INFO:root:File not found: 236276.jpg
INFO:root:File not found: 236306.jpg
INFO:root:File not found: 236305.jpg
INFO:root:File not found: 237375.jpg
INFO:root:File not found: 237376.jpg
INFO:root:File not found: 237953.jpg
INFO:root:File not found: 237952.jpg
INFO:root:File not found: 238018.jpg
INFO:root:File not found: 238053.jpg
INFO:root:File not found: 238068.jpg
INFO:root:File not found: 238070.jpg
INFO:root:File not found: 238069.jpg
INFO:root:File not found: 238106.jpg
INFO:root:File not found: 238107.jpg
INFO:root:File not found: 238108.jpg
INFO:root:File not found: 238111.jpg
INFO:root:File not found: 238110.jpg
INFO:root:File not found: 238141.jpg
INFO:root:File not found: 238147.jpg
INFO:root:File not found: 238785.jpg
INFO:root:File not found: 238787.jpg
INFO:root:File not found: 238792.jpg
INFO:root:File not found: 238791.jpg
INFO:root:File not found: 238805.jpg
INFO:root:File not found: 238906.jpg
INFO:root:File not found: 238941.jpg
INFO:root:File not found: 238518.jpg
INFO:root:File not found: 238518.jpg
INFO:root:File not found: 238518.jpg
INFO:root:File not found: 239116.jpg
INFO:root:File not found: 239115.jpg
INFO:root:File not found: 241318.jpg
INFO:root:File not found: 241318.jpg
INFO:root:File not found: 241318.jpg
INFO:root:File not found: 242455.jpg
INFO:root:File not found: 243151.jpg
INFO:root:File not found: 243149.jpg
INFO:root:File not found: 243268.jpg
INFO:root:File not found: 246537.jpg
INFO:root:File not found: 247651.jpg
INFO:root:File not found: 249455.jpg
INFO:root:File not found: 249456.jpg
INFO:root:File not found: 255377.jpg
INFO:root:File not found: 255816.jpg
INFO:root:File not found: 255816.jpg
INFO:root:File not found: 255816.jpg
INFO:root:File not found: 255816.jpg
INFO:root:File not found: 255816.jpg
INFO:root:File not found: 255816.jpg
INFO:root:File not found: 256899.jpg
INFO:root:File not found: 258797.jpg
INFO:root:File not found: 261588.jpg
INFO:root:File not found: 261588.jpg
INFO:root:File not found: 285749.jpg
INFO:root:File not found: 289560.jpg
INFO:root:File not found: 289578.jpg
INFO:root:File not found: 289582.jpg
INFO:root:File not found: 289583.jpg
INFO:root:File not found: 289584.jpg
INFO:root:File not found: 293181.jpg
INFO:root:File not found: 297156.jpg
INFO:root:File not found: 298448.jpg
INFO:root:File not found: 306645.jpg
INFO:root:File not found: 300285.jpg
INFO:root:File not found: 300286.jpg
INFO:root:File not found: 300287.jpg
INFO:root:File not found: 300288.jpg
INFO:root:File not found: 306753.jpg
INFO:root:File not found: 309160.jpg
INFO:root:File not found: 309160.jpg
INFO:root:File not found: 309245.jpg
INFO:root:File not found: 309245.jpg
INFO:root:File not found: 309245.jpg
INFO:root:File not found: 309245.jpg
INFO:root:File not found: 309245.jpg
INFO:root:File not found: 317909.jpg
INFO:root:File not found: 317911.jpg
INFO:root:File not found: 320868.jpg
INFO:root:File not found: 359399.jpg
INFO:root:File not found: 363174.jpg
INFO:root:File not found: 368952.jpg
INFO:root:File not found: 279480.jpg
INFO:root:File not found: 367601.jpg
INFO:root:File not found: 362105.jpg
INFO:root:File not found: 378037.jpg
INFO:root:File not found: 388155.jpg
INFO:root:File not found: 388149.jpg
INFO:root:File not found: 394853.jpg
INFO:root:File not found: 398003.jpg
INFO:root:File not found: 398004.jpg
INFO:root:File not found: 398005.jpg
INFO:root:File not found: 398006.jpg
INFO:root:File not found: 398007.jpg
INFO:root:File not found: 398008.jpg
INFO:root:File not found: 398009.jpg
INFO:root:File not found: 398010.jpg
INFO:root:File not found: 398011.jpg
INFO:root:File not found: 398012.jpg
INFO:root:File not found: 404992.jpg
INFO:root:File not found: 404992.jpg
INFO:root:File not found: 404992.jpg
INFO:root:File not found: 406058.jpg
INFO:root:File not found: 406057.jpg
INFO:root:File not found: 407235.jpg
INFO:root:File not found: 409598.jpg
INFO:root:File not found: 409598.jpg
INFO:root:File not found: 409598.jpg
INFO:root:File not found: 409598.jpg
INFO:root:File not found: 409598.jpg
INFO:root:File not found: 409598.jpg
INFO:root:File not found: 411114.jpg
INFO:root:File not found: 407190.jpg
INFO:root:File not found: 419848.jpg
INFO:root:File not found: 419849.jpg
INFO:root:File not found: 419851.jpg
INFO:root:File not found: 420587.jpg
INFO:root:File not found: 433557.jpg
INFO:root:File not found: 430182.jpg
INFO:root:File not found: 437104.jpg
INFO:root:File not found: 444851.jpg
INFO:root:File not found: 444871.jpg
INFO:root:File not found: 450230.jpg
INFO:root:File not found: 452537.jpg
INFO:root:File not found: 452539.jpg
INFO:root:File not found: 454028.jpg
INFO:root:File not found: 454048.jpg
INFO:root:File not found: 454118.jpg
INFO:root:File not found: 454124.jpg
INFO:root:File not found: 454353.jpg
INFO:root:File not found: 459343.jpg
INFO:root:File not found: 470901.jpg
INFO:root:File not found: 488463.jpg
INFO:root:File not found: 488464.jpg
INFO:root:File not found: 503844.jpg
INFO:root:File not found: 503942.jpg
INFO:root:File not found: 519751.jpg
INFO:root:File not found: 520119.jpg
INFO:root:File not found: 522530.jpg
INFO:root:File not found: 526322.jpg
INFO:root:File not found: 531066.jpg
INFO:root:File not found: 531101.jpg
INFO:root:File not found: 537240.jpg
INFO:root:File not found: 542707.jpg
INFO:root:File not found: 542706.jpg
INFO:root:File not found: 548893.jpg
INFO:root:File not found: 548892.jpg
INFO:root:File not found: 551855.jpg
INFO:root:File not found: 556521.jpg
INFO:root:File not found: 558802.jpg
INFO:root:File not found: 558802.jpg
INFO:root:File not found: 558802.jpg
INFO:root:File not found: 560946.jpg
INFO:root:File not found: 573428.jpg
INFO:root:File not found: 573429.jpg
INFO:root:File not found: 573708.jpg
INFO:root:File not found: 583763.jpg
INFO:root:File not found: 586742.jpg
INFO:root:File not found: 586740.jpg
INFO:root:File not found: 586737.jpg
INFO:root:File not found: 586735.jpg
INFO:root:File not found: 602645.jpg
INFO:root:File not found: 614101.jpg
INFO:root:File not found: 614101.jpg
INFO:root:File not found: 615519.jpg
INFO:root:File not found: 57535.jpg
INFO:root:File not found: 651360.jpg
INFO:root:File not found: 652295.jpg
INFO:root:File not found: 672685.jpg
INFO:root:File not found: 681874.jpg
INFO:root:File not found: 681876.jpg
INFO:root:File not found: 681878.jpg
INFO:root:File not found: 673171.jpg
INFO:root:File not found: 673169.jpg
INFO:root:File not found: 673170.jpg
INFO:root:File not found: 673172.jpg
INFO:root:

 Number of files not found: 378 
Old dataframe shape: 388733
New dataframe shape: 388024
